[2015-04-21 17:33:33] START
[2015-04-21 17:33:33] EDIT Generador_de_contratos/models/db.py: 1
[2015-04-21 17:36:10] EDIT Generador_de_contratos/models/menu.py: 1
[2015-04-21 17:41:08] EDIT Generador_de_contratos/models/menu.py: 1
[2015-04-21 17:41:51] EDIT Generador_de_contratos/models/menu.py: 0
[2015-04-21 17:42:08] EDIT Generador_de_contratos/models/menu.py: 0
[2015-04-21 17:44:55] CREATE default/crear_empresa.html: 0
[2015-04-21 17:46:03] EDIT Generador_de_contratos/controllers/default.py: 2
[2015-04-21 17:50:01] EDIT Generador_de_contratos/controllers/default.py: 12
[2015-04-21 17:52:35] DELETE Generador_de_contratos/views/default/crear_empresa.html: -3
[2015-04-21 17:52:47] CREATE default/admin.html: 0
[2015-04-21 17:53:17] CREATE default/tabla.html: 0
[2015-04-21 17:53:52] EDIT Generador_de_contratos/models/menu.py: 3
[2015-04-21 17:56:04] EDIT Generador_de_contratos/models/menu.py: 0
[2015-04-21 17:59:23] EDIT Generador_de_contratos/models/menu.py: 0
[2015-04-21 18:02:21] EDIT Generador_de_contratos/models/db.py: 1
[2015-04-21 18:05:05] EDIT Generador_de_contratos/views/default/tabla.html: 6
[2015-04-21 18:16:56] EDIT Generador_de_contratos/views/default/admin.html: 2
[2015-04-21 18:27:56] EDIT Generador_de_contratos/controllers/default.py: 0
[2015-04-21 18:28:07] EDIT Generador_de_contratos/controllers/default.py: 0
[2015-04-21 18:29:27] EDIT Generador_de_contratos/controllers/default.py: 0
[2015-04-21 18:30:22] EDIT Generador_de_contratos/controllers/default.py: 0
[2015-04-21 18:30:49] EDIT Generador_de_contratos/controllers/default.py: 0
[2015-04-21 18:31:51] EDIT Generador_de_contratos/controllers/default.py: 0
[2015-04-21 18:33:11] EDIT Generador_de_contratos/controllers/default.py: 7
[2015-04-21 18:33:59] EDIT Generador_de_contratos/controllers/default.py: 0
[2015-04-21 18:34:26] CREATE default/crear_usuarios.html: 0
[2015-04-21 18:35:55] EDIT Generador_de_contratos/controllers/default.py: 0
[2015-04-21 18:36:16] EDIT Generador_de_contratos/controllers/default.py: 0
[2015-04-21 18:37:05] EDIT Generador_de_contratos/controllers/default.py: 0
[2015-04-21 18:45:04] EDIT Generador_de_contratos/models/menu.py: 0
[2015-04-21 18:45:26] EDIT Generador_de_contratos/models/menu.py: 0
[2015-04-21 18:46:18] EDIT Generador_de_contratos/models/menu.py: 0
[2015-04-21 18:47:52] EDIT Generador_de_contratos/models/menu.py: 2
[2015-04-21 18:48:02] EDIT Generador_de_contratos/models/menu.py: 1
[2015-04-21 18:57:12] EDIT Generador_de_contratos/views/default/crear_usuarios.html: 0
[2015-04-21 18:57:33] EDIT Generador_de_contratos/views/default/crear_usuarios.html: 0
